<?xml version="1.0" encoding="UTF-8" ?>
<testsuite tests="3" failures="1" name="cucumber.Options.TestRunner" time="21.273" errors="0" skipped="0">
  <properties>
[...]
</properties>
  <testcase classname="Successfully run the Places API" name="Places scenario Add Get Put Delete #1" time="11.212"/>
  <testcase classname="Successfully run the Places API" name="Places scenario Add Get Put Delete #2" time="8.007"/>
  <testcase classname="Successfully run the Places API" name="Delete Place using delete place API" time="2.054">
    <failure message="expected:&lt;null&gt; but was:&lt;OK&gt;" type="java.lang.AssertionError">java.lang.AssertionError: expected:&lt;null&gt; but was:&lt;OK&gt;
	at org.junit.Assert.fail(Assert.java:89)
	at org.junit.Assert.failNotEquals(Assert.java:835)
	at org.junit.Assert.assertEquals(Assert.java:120)
	at org.junit.Assert.assertEquals(Assert.java:146)
	at stepDefinitions.StepDefinition.ValidateResponseBodyFields(StepDefinition.java:114)
	at ✽.Response should contain &quot;status&quot; as &quot;OK&quot; for &quot;DeletePlaceAPI&quot;(file:///C:/Users/Aadiya%20Lijo/eclpse-wksp/PlacesAPI/src/test/java/features/Addplaces.feature:27)
</failure>
    <system-out>
@Delete
Scenario Outline: Delete Place using delete place API                             &amp;#27;[90m# src/test/java/features/Addplaces.feature:31&amp;#27;[0m
https://rahulshettyacademy.com
Request method:	DELETE
Request URI:	https://rahulshettyacademy.com/maps/api/place/delete/json?key=qaclick123
Proxy:			&lt;none&gt;
Request params:	&lt;none&gt;
Query params:	key=qaclick123
Form params:	&lt;none&gt;
Path params:	&lt;none&gt;
Headers:		Accept=application/json, application/javascript, text/javascript, text/json
				Content-Type=text/plain; charset=ISO-8859-1
Cookies:		&lt;none&gt;
Multiparts:		&lt;none&gt;
Body:
{&quot;place_id&quot;:&quot;38a5141bddbba4bbd44639114eaec990&quot;}
HTTP/1.1 404 Not Found
Date: Thu, 29 Apr 2021 22:31:31 GMT
Server: Apache/2.4.18 (Ubuntu)
Access-Control-Allow-Origin: *
Access-Control-Allow-Methods: POST
Access-Control-Max-Age: 3600
Access-Control-Allow-Headers: Content-Type, Access-Control-Allow-Headers, Authorization, X-Requested-With
Content-Length: 69
Keep-Alive: timeout=5, max=100
Connection: Keep-Alive
Content-Type: application/json;charset=UTF-8

{
    &quot;msg&quot;: &quot;Delete operation failed, looks like the data doesn&apos;t exists&quot;
}
  &amp;#27;[32mAnd &amp;#27;[0m&amp;#27;[32mplaceId is successfully generated for &amp;#27;[0m&amp;#27;[32m&amp;#27;[1m&quot;DeletePlaceAPI&quot;&amp;#27;[0m&amp;#27;[32m with &amp;#27;[0m&amp;#27;[32m&amp;#27;[1m&quot;delete&quot;&amp;#27;[0m&amp;#27;[32m method&amp;#27;[0m &amp;#27;[90m# stepDefinitions.StepDefinition.placeid_is_successfully_generated(java.lang.String,java.lang.String)&amp;#27;[0m
  &amp;#27;[31mThen &amp;#27;[0m&amp;#27;[31mResponse should contain &amp;#27;[0m&amp;#27;[31m&amp;#27;[1m&quot;status&quot;&amp;#27;[0m&amp;#27;[31m as &amp;#27;[0m&amp;#27;[31m&amp;#27;[1m&quot;OK&quot;&amp;#27;[0m&amp;#27;[31m for &amp;#27;[0m&amp;#27;[31m&amp;#27;[1m&quot;DeletePlaceAPI&quot;&amp;#27;[0m              &amp;#27;[90m# stepDefinitions.StepDefinition.ValidateResponseBodyFields(java.lang.String,java.lang.String,java.lang.String)&amp;#27;[0m
      &amp;#27;[31mjava.lang.AssertionError: expected:&lt;null&gt; but was:&lt;OK&gt;
	at org.junit.Assert.fail(Assert.java:89)
	at org.junit.Assert.failNotEquals(Assert.java:835)
	at org.junit.Assert.assertEquals(Assert.java:120)
	at org.junit.Assert.assertEquals(Assert.java:146)
	at stepDefinitions.StepDefinition.ValidateResponseBodyFields(StepDefinition.java:114)
	at âœ½.Response should contain &quot;status&quot; as &quot;OK&quot; for &quot;DeletePlaceAPI&quot;(file:///C:/Users/Aadiya%20Lijo/eclpse-wksp/PlacesAPI/src/test/java/features/Addplaces.feature:27)
&amp;#27;[0m
</system-out>
  </testcase>
</testsuite>